<?xml version="1.0" encoding="UTF-8"?>
<!-- Generated by org.testng.reporters.JUnitReportReporter -->
<testsuite hostname="STEMS-WKS2078" name="banking.testCases.TC_LoginTest_001" tests="1" failures="0" timestamp="5 Mar 2021 13:28:23 GMT" time="4.390" errors="0">
  <testcase name="loginTest" time="4.390" classname="banking.testCases.TC_LoginTest_001"/>
</testsuite> <!-- banking.testCases.TC_LoginTest_001 -->
