<?xml version="1.0" encoding="UTF-8"?>
<!-- Generated by org.testng.reporters.JUnitReportReporter -->
<testsuite hostname="STEMS-WKS2078" name="banking.testCases.TC_LoginTest_001" tests="1" failures="0" timestamp="16 Feb 2021 16:37:48 GMT" time="6.503" errors="0">
  <testcase name="loginTest" time="6.503" classname="banking.testCases.TC_LoginTest_001"/>
</testsuite> <!-- banking.testCases.TC_LoginTest_001 -->
